<?xml version="1.0" encoding="UTF-8"?>
<testng-results skipped="0" failed="0" ignored="0" total="1" passed="1">
  <reporter-output>
  </reporter-output>
  <suite name="Default suite" duration-ms="75380" started-at="2019-01-11T06:55:16Z" finished-at="2019-01-11T06:56:31Z">
    <groups>
    </groups>
    <test name="Default test" duration-ms="75380" started-at="2019-01-11T06:55:16Z" finished-at="2019-01-11T06:56:31Z">
      <class name="com.training.regression.tests.AddCategoryWithNewPost">
        <test-method status="PASS" signature="setUpBeforeClass()[pri:0, instance:com.training.regression.tests.AddCategoryWithNewPost@1e88b3c]" name="setUpBeforeClass" is-config="true" duration-ms="31" started-at="2019-01-11T06:55:16Z" finished-at="2019-01-11T06:55:16Z">
          <reporter-output>
          </reporter-output>
        </test-method> <!-- setUpBeforeClass -->
        <test-method status="PASS" signature="setUp()[pri:0, instance:com.training.regression.tests.AddCategoryWithNewPost@1e88b3c]" name="setUp" is-config="true" duration-ms="19068" started-at="2019-01-11T06:55:16Z" finished-at="2019-01-11T06:55:35Z">
          <reporter-output>
          </reporter-output>
        </test-method> <!-- setUp -->
        <test-method status="PASS" signature="validLoginTest()[pri:0, instance:com.training.regression.tests.AddCategoryWithNewPost@1e88b3c]" name="validLoginTest" duration-ms="55304" started-at="2019-01-11T06:55:35Z" finished-at="2019-01-11T06:56:30Z">
          <reporter-output>
          </reporter-output>
        </test-method> <!-- validLoginTest -->
        <test-method status="PASS" signature="tearDown()[pri:0, instance:com.training.regression.tests.AddCategoryWithNewPost@1e88b3c]" name="tearDown" is-config="true" duration-ms="959" started-at="2019-01-11T06:56:30Z" finished-at="2019-01-11T06:56:31Z">
          <reporter-output>
          </reporter-output>
        </test-method> <!-- tearDown -->
      </class> <!-- com.training.regression.tests.AddCategoryWithNewPost -->
    </test> <!-- Default test -->
  </suite> <!-- Default suite -->
</testng-results>
