<?xml version="1.0" encoding="UTF-8"?>
<!-- Generated by org.testng.reporters.JUnitXMLReporter -->
<testsuite hostname="DESKTOP-AGPQPNA" ignored="0" name="Default test" tests="3" failures="0" timestamp="13 Jan 2019 05:35:25 GMT" time="162.961" errors="0">
  <testcase name="loginDBTest" time="46.492" classname="com.training.regression.tests.ChangeRole"/>
  <testcase name="loginDBTest" time="13.934" classname="com.training.regression.tests.ChangeRole"/>
  <testcase name="loginDBTest" time="45.767" classname="com.training.regression.tests.ChangeRole"/>
</testsuite> <!-- Default test -->
